<?xml version="1.0" encoding="UTF-8"?>
<!-- Generated by org.testng.reporters.JUnitReportReporter -->
<testsuite hostname="DESKTOP-12GUFIS" failures="0" tests="1" name="testCases.TC_002_LoginTest" time="2.835" errors="0" timestamp="2022-09-20T11:01:35 EDT" skipped="0">
  <testcase classname="testCases.TC_002_LoginTest" name="test_login" time="2.835"/>
  <system-out/>
</testsuite> <!-- testCases.TC_002_LoginTest -->
