<?xml version="1.0" encoding="UTF-8"?>
<!-- Generated by org.testng.reporters.JUnitReportReporter -->
<testsuite hostname="DESKTOP-12GUFIS" failures="0" tests="1" name="testCases.TC_001_AccountRegistrationTest" time="6.060" errors="0" timestamp="2022-09-20T11:01:35 EDT" skipped="0">
  <testcase classname="testCases.TC_001_AccountRegistrationTest" name="test_account_registraion" time="6.060"/>
  <system-out/>
</testsuite> <!-- testCases.TC_001_AccountRegistrationTest -->
