<?xml version="1.0" encoding="UTF-8"?>
<!-- Generated by org.testng.reporters.JUnitReportReporter -->
<testsuite hostname="DESKTOP-12GUFIS" failures="0" tests="1" name="testCases.TC_001_AccountRegistrationTest" time="5.253" errors="0" timestamp="2022-09-21T11:05:49 EDT" skipped="0">
  <testcase classname="testCases.TC_001_AccountRegistrationTest" name="test_account_registraion" time="5.253"/>
  <system-out/>
</testsuite> <!-- testCases.TC_001_AccountRegistrationTest -->
